<?xml version="1.0" encoding="UTF-8" ?>
<testsuite tests="2" failures="0" name="com.revolut.test.service.impl.TransferServiceImplTest" time="0.851" errors="0" skipped="0">
  <properties>
[...]
</properties>
  <testcase classname="com.revolut.test.service.impl.TransferServiceImplTest" name="should_showCorrectValue_whenTransferRequestIsValid" time="0.81"/>
  <testcase classname="com.revolut.test.service.impl.TransferServiceImplTest" name="should_throwError_whenTransferRequestIsInValid" time="0.041"/>
</testsuite>